{
  "stats": {
    "suites": 1,
    "tests": 1,
    "passes": 1,
    "pending": 0,
    "failures": 0,
    "start": "2022-05-26T12:30:13.483Z",
    "end": "2022-05-26T12:30:15.370Z",
    "duration": 1887,
    "testsRegistered": 1,
    "passPercent": 100,
    "pendingPercent": 0,
    "other": 0,
    "hasOther": false,
    "skipped": 0,
    "hasSkipped": false
  },
  "results": [
    {
      "uuid": "41ed0986-8389-43b3-af42-f60555070544",
      "title": "",
      "fullFile": "",
      "file": "",
      "beforeHooks": [],
      "afterHooks": [],
      "tests": [],
      "suites": [
        {
          "uuid": "85ad69aa-9306-4990-a4d4-53ab259d9d23",
          "title": "validate for all user",
          "fullFile": "",
          "file": "",
          "beforeHooks": [],
          "afterHooks": [],
          "tests": [
            {
              "title": "to access reqres.in and perform basic api test to fetch users",
              "fullTitle": "validate for all user to access reqres.in and perform basic api test to fetch users",
              "timedOut": null,
              "duration": 1667,
              "state": "passed",
              "speed": "slow",
              "pass": true,
              "fail": false,
              "pending": false,
              "context": null,
              "code": "if (backgroundSection) {\n  backgroundSection.steps.forEach(step => stepTest.call(this, step));\n}\nscenario.steps.forEach(step => stepTest.call(this, step));",
              "err": {},
              "uuid": "47325aba-08f1-45f7-842a-b0228b28b9be",
              "parentUUID": "85ad69aa-9306-4990-a4d4-53ab259d9d23",
              "isHook": false,
              "skipped": false
            }
          ],
          "suites": [],
          "passes": [
            "47325aba-08f1-45f7-842a-b0228b28b9be"
          ],
          "failures": [],
          "pending": [],
          "skipped": [],
          "duration": 1667,
          "root": false,
          "rootEmpty": false,
          "_timeout": 2000
        }
      ],
      "passes": [],
      "failures": [],
      "pending": [],
      "skipped": [],
      "duration": 0,
      "root": true,
      "rootEmpty": true,
      "_timeout": 2000
    }
  ],
  "meta": {
    "mocha": {
      "version": "5.0.0"
    },
    "mochawesome": {
      "options": {
        "quiet": false,
        "reportFilename": "mochawesome",
        "saveHtml": false,
        "saveJson": true,
        "consoleReporter": "spec",
        "useInlineDiffs": false
      },
      "version": "4.1.0"
    },
    "marge": {
      "options": {
        "overwrite": false,
        "html": false,
        "json": true
      },
      "version": "4.0.1"
    }
  }
}